[debug] [2021-03-02T05:45:46.714Z] ----------------------------------------------------------------------
[debug] [2021-03-02T05:45:46.720Z] Command:       C:\Program Files\nodejs\node.exe C:\Users\24Bytes\AppData\Roaming\npm\node_modules\firebase-tools\lib\bin\firebase.js init
[debug] [2021-03-02T05:45:46.721Z] CLI Version:   9.5.0
[debug] [2021-03-02T05:45:46.722Z] Platform:      win32
[debug] [2021-03-02T05:45:46.722Z] Node Version:  v14.16.0
[debug] [2021-03-02T05:45:46.727Z] Time:          Tue Mar 02 2021 00:45:46 GMT-0500 (hora estándar de Colombia)
[debug] [2021-03-02T05:45:46.727Z] ----------------------------------------------------------------------
[debug] [2021-03-02T05:45:46.728Z] 
[debug] [2021-03-02T05:45:46.745Z] > command requires scopes: ["email","openid","https://www.googleapis.com/auth/cloudplatformprojects.readonly","https://www.googleapis.com/auth/firebase","https://www.googleapis.com/auth/cloud-platform"]
[debug] [2021-03-02T05:45:46.747Z] > authorizing via signed-in user
[info] 
     ######## #### ########  ######## ########     ###     ######  ########
     ##        ##  ##     ## ##       ##     ##  ##   ##  ##       ##
     ######    ##  ########  ######   ########  #########  ######  ######
     ##        ##  ##    ##  ##       ##     ## ##     ##       ## ##
     ##       #### ##     ## ######## ########  ##     ##  ######  ########

You're about to initialize a Firebase project in this directory:

  C:\Users\24Bytes\Documents\Proyectos\Filatelia-Backend

Before we get started, keep in mind:

  * You are initializing in an existing Firebase project directory

[info] 
=== Project Setup
[info] 
[info] First, let's associate this project directory with a Firebase project.
[info] You can create multiple project aliases by running firebase use --add, 
[info] but for now we'll just set up a default project.
[info] 
[info] i  .firebaserc already has a default project, using filatelia-backend. 
[debug] [2021-03-02T05:45:56.466Z] >>> [apiv2][query] GET https://firebase.googleapis.com/v1beta1/projects/filatelia-backend [none]
[debug] [2021-03-02T05:45:56.868Z] <<< [apiv2][status] GET https://firebase.googleapis.com/v1beta1/projects/filatelia-backend 200
[debug] [2021-03-02T05:45:56.868Z] <<< [apiv2][body] GET https://firebase.googleapis.com/v1beta1/projects/filatelia-backend {"projectId":"filatelia-backend","projectNumber":"950832846330","displayName":"filatelia-backend","name":"projects/filatelia-backend","resources":{"hostingSite":"filatelia-backend"},"state":"ACTIVE"}
[info] 
=== Hosting Setup
[info] 
[info] Your public directory is the folder (relative to your project directory) that
[info] will contain Hosting assets to be uploaded with firebase deploy. If you
[info] have a build process for your assets, use your build's output directory.
[info] 
[debug] [2021-03-02T05:46:12.729Z] >>> [apiv2][query] GET https://www.gstatic.com/firebasejs/releases.json [none]
[debug] [2021-03-02T05:46:12.890Z] <<< [apiv2][status] GET https://www.gstatic.com/firebasejs/releases.json 200
[debug] [2021-03-02T05:46:12.890Z] <<< [apiv2][body] GET https://www.gstatic.com/firebasejs/releases.json {"current":{"version":"8.2.9","browserURL":"https://www.gstatic.com/firebasejs/8.2.9/firebase.js","packageURL":"https://www.gstatic.com/firebasejs/8.2.9/firebase.tgz"},"live":{"version":"8.2","browserURL":"https://www.gstatic.com/firebasejs/live/8.2/firebase.js","packageURL":"https://www.gstatic.com/firebasejs/live/8.2/firebase.tgz"},"components":{"analytics":"https://www.gstatic.com/firebasejs/8.2.9/firebase-analytics.js","app":"https://www.gstatic.com/firebasejs/8.2.9/firebase-app.js","auth":"https://www.gstatic.com/firebasejs/8.2.9/firebase-auth.js","database":"https://www.gstatic.com/firebasejs/8.2.9/firebase-database.js","firestore":"https://www.gstatic.com/firebasejs/8.2.9/firebase-firestore.js","functions":"https://www.gstatic.com/firebasejs/8.2.9/firebase-functions.js","installations":"https://www.gstatic.com/firebasejs/8.2.9/firebase-installations.js","messaging":"https://www.gstatic.com/firebasejs/8.2.9/firebase-messaging.js","storage":"https://www.gstatic.com/firebasejs/8.2.9/firebase-storage.js","performance":"https://www.gstatic.com/firebasejs/8.2.9/firebase-performance.js","remote-config":"https://www.gstatic.com/firebasejs/8.2.9/firebase-remote-config.js","firestore.memory":"https://www.gstatic.com/firebasejs/8.2.9/firebase-firestore.memory.js"}}
[info] +  Wrote n/index.html 
[info] 
[info] i  Detected a .git folder at C:\Users\24Bytes\Documents\Proyectos\Filatelia-Backend 
[info] i  Authorizing with GitHub to upload your service account to a GitHub repository's secrets store. 
[info] 
[info] Visit this URL on this device to log in:
[info] https://github.com/login/oauth/authorize?client_id=89cf50f02ac6aaed3484&state=620292787&redirect_uri=http%3A%2F%2Flocalhost%3A9005&scope=read%3Auser%20repo%20public_repo
[info] 
[info] Waiting for authentication...
[debug] [2021-03-02T05:46:28.205Z] >>> HTTP REQUEST POST https://github.com/login/oauth/access_token  
 {"client_id":"89cf50f02ac6aaed3484","client_secret":"3330d14abc895d9a74d5f17cd7a00711fa2c5bf0","code":"e8cc9a83d3c777af9588","redirect_uri":"http://localhost:9005","state":"620292787"}
[debug] [2021-03-02T05:46:28.693Z] <<< HTTP RESPONSE 200 {"server":"GitHub.com","date":"Tue, 02 Mar 2021 05:46:29 GMT","content-type":"application/json; charset=utf-8","transfer-encoding":"chunked","vary":"X-PJAX, Accept-Encoding, Accept, X-Requested-With","etag":"W/\"e8b3ac653dc57888bef2a93c1334f264\"","cache-control":"max-age=0, private, must-revalidate","strict-transport-security":"max-age=31536000; includeSubdomains; preload","x-frame-options":"deny","x-content-type-options":"nosniff","x-xss-protection":"1; mode=block","referrer-policy":"origin-when-cross-origin, strict-origin-when-cross-origin","expect-ct":"max-age=2592000, report-uri=\"https://api.github.com/_private/browser/errors\"","content-security-policy":"default-src 'none'; base-uri 'self'; block-all-mixed-content; connect-src 'self' uploads.github.com www.githubstatus.com collector.githubapp.com api.github.com github-cloud.s3.amazonaws.com github-production-repository-file-5c1aeb.s3.amazonaws.com github-production-upload-manifest-file-7fdce7.s3.amazonaws.com github-production-user-asset-6210df.s3.amazonaws.com cdn.optimizely.com logx.optimizely.com/v1/events wss://alive.github.com; font-src github.githubassets.com; form-action 'self' github.com gist.github.com; frame-ancestors 'none'; frame-src render.githubusercontent.com; img-src 'self' data: github.githubassets.com identicons.github.com collector.githubapp.com github-cloud.s3.amazonaws.com user-images.githubusercontent.com/ *.githubusercontent.com; manifest-src 'self'; media-src 'none'; script-src github.githubassets.com; style-src 'unsafe-inline' github.githubassets.com; worker-src github.com/socket-worker-5029ae85.js gist.github.com/socket-worker-5029ae85.js","x-github-request-id":"CE30:41AE:ACA327:DFEDD1:603DD135"}
[debug] [2021-03-02T05:46:28.728Z] >>> [apiv2][query] GET https://api.github.com/user [none]
[debug] [2021-03-02T05:46:29.247Z] <<< [apiv2][status] GET https://api.github.com/user 200
[debug] [2021-03-02T05:46:29.247Z] <<< [apiv2][body] GET https://api.github.com/user {"login":"filatelia-backend","id":79592435,"node_id":"MDQ6VXNlcjc5NTkyNDM1","avatar_url":"https://avatars.githubusercontent.com/u/79592435?v=4","gravatar_id":"","url":"https://api.github.com/users/filatelia-backend","html_url":"https://github.com/filatelia-backend","followers_url":"https://api.github.com/users/filatelia-backend/followers","following_url":"https://api.github.com/users/filatelia-backend/following{/other_user}","gists_url":"https://api.github.com/users/filatelia-backend/gists{/gist_id}","starred_url":"https://api.github.com/users/filatelia-backend/starred{/owner}{/repo}","subscriptions_url":"https://api.github.com/users/filatelia-backend/subscriptions","organizations_url":"https://api.github.com/users/filatelia-backend/orgs","repos_url":"https://api.github.com/users/filatelia-backend/repos","events_url":"https://api.github.com/users/filatelia-backend/events{/privacy}","received_events_url":"https://api.github.com/users/filatelia-backend/received_events","type":"User","site_admin":false,"name":null,"company":null,"blog":"","location":null,"email":null,"hireable":null,"bio":null,"twitter_username":null,"public_repos":0,"public_gists":0,"followers":0,"following":0,"created_at":"2021-02-24T15:51:17Z","updated_at":"2021-03-02T05:46:28Z","private_gists":0,"total_private_repos":0,"owned_private_repos":0,"disk_usage":0,"collaborators":0,"two_factor_authentication":false,"plan":{"name":"free","space":976562499,"collaborators":0,"private_repos":10000}}
[info] 
[info] +  Success! Logged into GitHub as filatelia-backend 
[info] 
[debug] [2021-03-02T05:46:38.566Z] >>> [apiv2][query] GET https://api.github.com/repos/S/actions/secrets/public-key type=owner
[debug] [2021-03-02T05:46:38.936Z] <<< [apiv2][status] GET https://api.github.com/repos/S/actions/secrets/public-key 404
[debug] [2021-03-02T05:46:38.936Z] <<< [apiv2][body] GET https://api.github.com/repos/S/actions/secrets/public-key {"message":"Not Found","documentation_url":"https://docs.github.com/rest"}
[debug] [2021-03-02T05:46:43.755Z] >>> [apiv2][query] GET https://api.github.com/repos//actions/secrets/public-key type=owner
[debug] [2021-03-02T05:46:44.076Z] <<< [apiv2][status] GET https://api.github.com/repos//actions/secrets/public-key 404
[debug] [2021-03-02T05:46:44.077Z] <<< [apiv2][body] GET https://api.github.com/repos//actions/secrets/public-key {"message":"Not Found","documentation_url":"https://docs.github.com/rest"}
[debug] [2021-03-02T05:46:44.996Z] >>> [apiv2][query] GET https://api.github.com/repos//actions/secrets/public-key type=owner
[debug] [2021-03-02T05:46:45.312Z] <<< [apiv2][status] GET https://api.github.com/repos//actions/secrets/public-key 404
[debug] [2021-03-02T05:46:45.313Z] <<< [apiv2][body] GET https://api.github.com/repos//actions/secrets/public-key {"message":"Not Found","documentation_url":"https://docs.github.com/rest"}
[debug] [2021-03-02T05:46:50.755Z] >>> [apiv2][query] GET https://api.github.com/repos//actions/secrets/public-key type=owner
[debug] [2021-03-02T05:46:51.020Z] >>> [apiv2][query] GET https://api.github.com/repos//actions/secrets/public-key type=owner
[debug] [2021-03-02T05:46:51.065Z] <<< [apiv2][status] GET https://api.github.com/repos//actions/secrets/public-key 404
[debug] [2021-03-02T05:46:51.065Z] <<< [apiv2][body] GET https://api.github.com/repos//actions/secrets/public-key {"message":"Not Found","documentation_url":"https://docs.github.com/rest"}
[debug] [2021-03-02T05:46:51.253Z] >>> [apiv2][query] GET https://api.github.com/repos//actions/secrets/public-key type=owner
[debug] [2021-03-02T05:46:51.330Z] <<< [apiv2][status] GET https://api.github.com/repos//actions/secrets/public-key 404
[debug] [2021-03-02T05:46:51.331Z] <<< [apiv2][body] GET https://api.github.com/repos//actions/secrets/public-key {"message":"Not Found","documentation_url":"https://docs.github.com/rest"}
[debug] [2021-03-02T05:46:51.574Z] <<< [apiv2][status] GET https://api.github.com/repos//actions/secrets/public-key 404
[debug] [2021-03-02T05:46:51.574Z] <<< [apiv2][body] GET https://api.github.com/repos//actions/secrets/public-key {"message":"Not Found","documentation_url":"https://docs.github.com/rest"}
